<?xml version="1.0" encoding="UTF-8"?>
<!-- Generated by org.testng.reporters.JUnitReportReporter -->
<testsuite skipped="0" hostname="LAPTOP-097695SD" name="com.obsqura.rMartMarket.SevenRmartSuperMarket.LoginTest" tests="5" failures="0" timestamp="2023-06-18T20:37:09 IST" time="15.279" errors="0">
  <testcase name="verifyWhetherTheUserIsAbleToLogInwithValidUsernameAndValidPasswordWhileClickingOnSignInButton" time="4.818" classname="com.obsqura.rMartMarket.SevenRmartSuperMarket.LoginTest"/>
  <system-out/>
  <testcase name="verifyWhetherTheUserIsAbleToLogInwithInValidUsernameAndValidPasswordWhileClickingOnSignInButton" time="2.698" classname="com.obsqura.rMartMarket.SevenRmartSuperMarket.LoginTest"/>
  <system-out/>
  <testcase name="verifyWhetherTheUserIsAbleToLogInwithInValidUsernameAndInValidPasswordWhileClickingOnSignInButton" time="2.520" classname="com.obsqura.rMartMarket.SevenRmartSuperMarket.LoginTest"/>
  <system-out/>
  <testcase name="verifyWhetherTheUserIsAbleToLogInwithInValidUsernameAndInValidPasswordWhileClickingOnSignInButtonUsingDataProvider" time="2.660" classname="com.obsqura.rMartMarket.SevenRmartSuperMarket.LoginTest"/>
  <system-out/>
  <testcase name="verifyWhetherTheUserIsAbleToLogInwithInValidUsernameAndInValidPasswordWhileClickingOnSignInButtonUsingDataProvider" time="2.583" classname="com.obsqura.rMartMarket.SevenRmartSuperMarket.LoginTest"/>
  <system-out/>
</testsuite> <!-- com.obsqura.rMartMarket.SevenRmartSuperMarket.LoginTest -->
