<?xml version="1.0" encoding="UTF-8"?>
<!-- Generated by org.testng.reporters.JUnitReportReporter -->
<testsuite skipped="0" hostname="LAPTOP-097695SD" name="com.obsqura.rMartMarket.SevenRmartSuperMarket.ManageUserTest" tests="1" failures="0" timestamp="2023-06-18T20:37:09 IST" time="3.434" errors="0">
  <testcase name="verifyWhetherUserCanAbleToSearchUsersInManageUserPage" time="3.434" classname="com.obsqura.rMartMarket.SevenRmartSuperMarket.ManageUserTest"/>
  <system-out/>
</testsuite> <!-- com.obsqura.rMartMarket.SevenRmartSuperMarket.ManageUserTest -->
