<?xml version="1.0" encoding="UTF-8"?>
<!-- Generated by org.testng.reporters.JUnitReportReporter -->
<testsuite skipped="0" hostname="LAPTOP-097695SD" name="com.obsqura.rMartMarket.SevenRmartSuperMarket.ManageOrderTest" tests="1" failures="0" timestamp="2023-06-18T20:37:09 IST" time="4.173" errors="0">
  <testcase name="verifyWhetherUserCanAbleToUpdateDateFromManageOrderPage" time="4.173" classname="com.obsqura.rMartMarket.SevenRmartSuperMarket.ManageOrderTest"/>
  <system-out/>
</testsuite> <!-- com.obsqura.rMartMarket.SevenRmartSuperMarket.ManageOrderTest -->
