<?xml version="1.0" encoding="UTF-8"?>
<!-- Generated by org.testng.reporters.JUnitReportReporter -->
<testsuite skipped="0" hostname="LAPTOP-097695SD" name="com.obsqura.rMartMarket.SevenRmartSuperMarket.ManagePageTest" tests="2" failures="0" timestamp="2023-06-18T20:37:09 IST" time="6.865" errors="0">
  <testcase name="verifyWhetherUserCanAbleToEditManageInfopage" time="3.703" classname="com.obsqura.rMartMarket.SevenRmartSuperMarket.ManagePageTest"/>
  <system-out/>
  <testcase name="verifyWhetherUserCanAbleToDeleteTitleFromManagePage" time="3.162" classname="com.obsqura.rMartMarket.SevenRmartSuperMarket.ManagePageTest"/>
  <system-out/>
</testsuite> <!-- com.obsqura.rMartMarket.SevenRmartSuperMarket.ManagePageTest -->
