<?xml version="1.0" encoding="UTF-8"?>
<!-- Generated by org.testng.reporters.JUnitReportReporter -->
<testsuite hostname="LAPTOP-097695SD" failures="0" tests="1" name="com.obsqura.rMartMarket.SevenRmartSuperMarket.Demo" time="1.884" errors="0" timestamp="2023-06-06T19:54:10 IST" skipped="0">
  <testcase classname="com.obsqura.rMartMarket.SevenRmartSuperMarket.Demo" name="sample" time="1.884"/>
  <system-out/>
</testsuite> <!-- com.obsqura.rMartMarket.SevenRmartSuperMarket.Demo -->
