<?xml version="1.0" encoding="UTF-8"?>
<!-- Generated by org.testng.reporters.JUnitReportReporter -->
<testsuite hostname="LAPTOP-097695SD" failures="0" tests="1" name="com.obsqura.rMartMarket.SevenRmartSuperMarket.ManageLocationTest" time="9.148" errors="0" timestamp="2023-06-16T22:01:20 IST" skipped="0">
  <testcase classname="com.obsqura.rMartMarket.SevenRmartSuperMarket.ManageLocationTest" name="verifyWhetherLocationIsUpdatedInLocationPage" time="9.148"/>
  <system-out/>
</testsuite> <!-- com.obsqura.rMartMarket.SevenRmartSuperMarket.ManageLocationTest -->
